<?xml version="1.0" encoding="UTF-8"?>
<testng-results ignored="0" total="1" passed="1" failed="0" skipped="0">
  <reporter-output>
  </reporter-output>
  <suite started-at="2022-07-09T23:27:46 PDT" name="Default suite" finished-at="2022-07-09T23:27:50 PDT" duration-ms="4245">
    <groups>
    </groups>
    <test started-at="2022-07-09T23:27:46 PDT" name="Default test" finished-at="2022-07-09T23:27:50 PDT" duration-ms="4245">
      <class name="RestAssured1.Tests_POST">
        <test-method signature="Test_01_delete()[pri:0, instance:RestAssured1.Tests_POST@483f6d77]" started-at="2022-07-09T23:27:46 PDT" name="Test_01_delete" finished-at="2022-07-09T23:27:50 PDT" duration-ms="4156" status="PASS">
          <reporter-output>
          </reporter-output>
        </test-method> <!-- Test_01_delete -->
      </class> <!-- RestAssured1.Tests_POST -->
    </test> <!-- Default test -->
  </suite> <!-- Default suite -->
</testng-results>
