<?xml version="1.0" encoding="UTF-8"?>
<testng-results ignored="0" total="2" passed="2" failed="0" skipped="0">
  <reporter-output>
  </reporter-output>
  <suite started-at="2022-07-09T23:57:01 PDT" name="Default suite" finished-at="2022-07-09T23:57:06 PDT" duration-ms="4500">
    <groups>
    </groups>
    <test started-at="2022-07-09T23:57:01 PDT" name="Default test" finished-at="2022-07-09T23:57:06 PDT" duration-ms="4500">
      <class name="RestAssured1.TestRA_1">
        <test-method signature="Test_01()[pri:0, instance:RestAssured1.TestRA_1@4d5b6aac]" started-at="2022-07-09T23:57:01 PDT" name="Test_01" finished-at="2022-07-09T23:57:05 PDT" duration-ms="4059" status="PASS">
          <reporter-output>
          </reporter-output>
        </test-method> <!-- Test_01 -->
        <test-method signature="test_02()[pri:0, instance:RestAssured1.TestRA_1@4d5b6aac]" started-at="2022-07-09T23:57:05 PDT" name="test_02" finished-at="2022-07-09T23:57:06 PDT" duration-ms="334" status="PASS">
          <reporter-output>
          </reporter-output>
        </test-method> <!-- test_02 -->
      </class> <!-- RestAssured1.TestRA_1 -->
    </test> <!-- Default test -->
  </suite> <!-- Default suite -->
</testng-results>
